<?xml version="1.0" encoding="UTF-8"?>
<Site BuildName="Linux-clang++"
	BuildStamp="20231114-0836-Experimental"
	Name="codespaces-e8804e"
	Generator="ctest-3.18.4"
	CompilerName="/usr/bin/clang++"
	CompilerVersion="11.0.1"
	OSName="Linux"
	Hostname="codespaces-e8804e"
	OSRelease="6.2.0-1015-azure"
	OSVersion="#15~22.04.1-Ubuntu SMP Fri Oct  6 13:20:44 UTC 2023"
	OSPlatform="x86_64"
	Is64Bits="1"
	VendorString="AuthenticAMD"
	VendorID="Advanced Micro Devices"
	FamilyID="25"
	ModelID="1"
	ProcessorCacheSize="512"
	NumberOfLogicalCPU="2"
	NumberOfPhysicalCPU="1"
	TotalVirtualMemory="0"
	TotalPhysicalMemory="7929"
	LogicalProcessorsPerPhysical="2"
	ProcessorClockFrequency="3242.07"
	>
	<Testing>
		<StartDateTime>Nov 14 10:29 UTC</StartDateTime>
		<StartTestTime>1699957751</StartTestTime>
		<TestList/>
		<EndDateTime>Nov 14 10:29 UTC</EndDateTime>
		<EndTestTime>1699957751</EndTestTime>
		<ElapsedMinutes>0</ElapsedMinutes>
	</Testing>
</Site>
