<?xml version="1.0" encoding="UTF-8"?>
<Site BuildName="Linux-clang++"
	BuildStamp="20240130-0733-Experimental"
	Name="codespaces-57da98"
	Generator="ctest-3.18.4"
	CompilerName="/usr/bin/clang++"
	CompilerVersion="11.0.1"
	OSName="Linux"
	Hostname="codespaces-57da98"
	OSRelease="6.2.0-1018-azure"
	OSVersion="#18~22.04.1-Ubuntu SMP Tue Nov 21 19:25:02 UTC 2023"
	OSPlatform="x86_64"
	Is64Bits="1"
	VendorString="AuthenticAMD"
	VendorID="Advanced Micro Devices"
	FamilyID="25"
	ModelID="1"
	ProcessorCacheSize="512"
	NumberOfLogicalCPU="2"
	NumberOfPhysicalCPU="1"
	TotalVirtualMemory="0"
	TotalPhysicalMemory="7929"
	LogicalProcessorsPerPhysical="2"
	ProcessorClockFrequency="3173.45"
	>
	<Testing>
		<StartDateTime>Jan 30 07:33 UTC</StartDateTime>
		<StartTestTime>1706599996</StartTestTime>
		<TestList/>
		<EndDateTime>Jan 30 07:33 UTC</EndDateTime>
		<EndTestTime>1706599996</EndTestTime>
		<ElapsedMinutes>0</ElapsedMinutes>
	</Testing>
</Site>
