<?xml version="1.0" encoding="UTF-8"?>
<Site BuildName="Linux-clang++"
	BuildStamp="20231212-0754-Experimental"
	Name="codespaces-e8804e"
	Generator="ctest-3.18.4"
	CompilerName="/usr/bin/clang++"
	CompilerVersion="11.0.1"
	OSName="Linux"
	Hostname="codespaces-e8804e"
	OSRelease="6.2.0-1016-azure"
	OSVersion="#16~22.04.1-Ubuntu SMP Tue Oct 10 17:11:51 UTC 2023"
	OSPlatform="x86_64"
	Is64Bits="1"
	VendorString="AuthenticAMD"
	VendorID="Advanced Micro Devices"
	FamilyID="25"
	ModelID="1"
	ProcessorCacheSize="512"
	NumberOfLogicalCPU="2"
	NumberOfPhysicalCPU="1"
	TotalVirtualMemory="0"
	TotalPhysicalMemory="7929"
	LogicalProcessorsPerPhysical="2"
	ProcessorClockFrequency="3243.74"
	>
	<Testing>
		<StartDateTime>Dec 12 10:04 UTC</StartDateTime>
		<StartTestTime>1702375493</StartTestTime>
		<TestList/>
		<EndDateTime>Dec 12 10:04 UTC</EndDateTime>
		<EndTestTime>1702375493</EndTestTime>
		<ElapsedMinutes>0</ElapsedMinutes>
	</Testing>
</Site>
